Context file not found for 0523208085. Creating with default values.
in the save in direct
iris
today is 2025-02-10 give me relevant data acording to this date
Prompt size: 1556 characters
in the save in direct
iris
today is 2025-02-10 give me relevant data acording to this date
Prompt size: 27325 characters
in the save in direct
iris
today is 2025-02-10 give me relevant data acording to this date
Prompt size: 27324 characters
iris
today is 2025-02-10 give me relevant data acording to this date
Prompt size: 848 characters
in the save in direct
in the save in direct
Context file not found for 0523208085. Creating with default values.
in the save in direct
in the save in direct
Context file not found for 0523208085. Creating with default values.
in the save in direct
Context file not found for 0523208085. Creating with default values.
in the save in direct
in the save in direct
[UID:1350][359883] Child process with pid: 359946 was killed by signal: 15, core dumped: no
iris
today is 2025-02-10 give me relevant data acording to this date
Prompt size: 27325 characters
in the save in direct
iris
today is 2025-02-10 give me relevant data acording to this date
Prompt size: 27325 characters
iris
today is 2025-02-10 give me relevant data acording to this date
Prompt size: 848 characters
in the save in direct
in the save in direct
iris
today is 2025-02-10 give me relevant data acording to this date
Prompt size: 27329 characters
in the save in direct
iris
today is 2025-02-10 give me relevant data acording to this date
Prompt size: 27342 characters
in the save in direct
iris
today is 2025-02-10 give me relevant data acording to this date
Prompt size: 27339 characters
in the save in direct
Context file not found for 0523208085. Creating with default values.
in the save in direct
iris
today is 2025-02-10 give me relevant data acording to this date
Prompt size: 1556 characters
in the save in direct
iris
today is 2025-02-10 give me relevant data acording to this date
Prompt size: 27324 characters
in the save in direct
iris
today is 2025-02-10 give me relevant data acording to this date
Prompt size: 27321 characters
in the save in direct
iris
today is 2025-02-10 give me relevant data acording to this date
Prompt size: 27340 characters
in the save in direct
iris
today is 2025-02-10 give me relevant data acording to this date
Prompt size: 27339 characters
in the save in direct
iris
today is 2025-02-10 give me relevant data acording to this date
Prompt size: 27331 characters
in the save in direct
Context file not found for 0523208085. Creating with default values.
in the save in direct
iris
today is 2025-02-10 give me relevant data acording to this date
Prompt size: 1556 characters
in the save in direct
iris
today is 2025-02-10 give me relevant data acording to this date
Prompt size: 27324 characters
in the save in direct
iris
today is 2025-02-10 give me relevant data acording to this date
Prompt size: 27322 characters
in the save in direct
iris
today is 2025-02-10 give me relevant data acording to this date
Prompt size: 27323 characters
in the save in direct
[UID:1350][367376] Child process with pid: 367410 was killed by signal: 15, core dumped: no
[UID:1350][367871] Child process with pid: 367908 was killed by signal: 15, core dumped: no
[UID:1350][367871] Child process with pid: 368571 was killed by signal: 15, core dumped: no
iris
today is 2025-02-10 give me relevant data acording to this date
Prompt size: 24366 characters
in the save in direct
Context file not found for 0523208085. Creating with default values.
in the save in direct
iris
today is 2025-02-10 give me relevant data acording to this date
Prompt size: 1556 characters
in the save in direct
[UID:1350][373452] Child process with pid: 373482 was killed by signal: 15, core dumped: no
[UID:1350][373452] Child process with pid: 373817 was killed by signal: 15, core dumped: no
[UID:1350][373452] Child process with pid: 374443 was killed by signal: 15, core dumped: no
iris
today is 2025-02-10 give me relevant data acording to this date
Prompt size: 24359 characters
in the save in direct
iris
today is 2025-02-10 give me relevant data acording to this date
Prompt size: 24359 characters
iris
today is 2025-02-10 give me relevant data acording to this date
Prompt size: 848 characters
in the save in direct
in the save in direct
